<?xml version="1.0" encoding="UTF-8"?>
<!-- Generated by org.testng.reporters.JUnitXMLReporter -->
<testsuite hostname="EPBYMINW4455" name="Default test" tests="6" failures="0" timestamp="23 Feb 2015 09:53:51 GMT" time="0.07" errors="0">
  <testcase name="deleteNoteTest" time="0.01" classname="com.epam.notebook.test.NotebookTest"/>
  <testcase name="deleteNotebookTest" time="0.0" classname="com.epam.notebook.test.NotebookTest"/>
  <testcase name="getNoteTest" time="0.0" classname="com.epam.notebook.test.NotebookTest"/>
  <testcase name="getNotebookTest" time="0.02" classname="com.epam.notebook.test.NotebookTest"/>
  <testcase name="setNoteTest" time="0.0" classname="com.epam.notebook.test.NotebookTest"/>
  <testcase name="setNotebookTest" time="0.0" classname="com.epam.notebook.test.NotebookTest"/>
</testsuite> <!-- Default test -->
