<?xml version="1.0" encoding="UTF-8"?>
<!-- Generated by org.testng.reporters.JUnitXMLReporter -->
<testsuite hostname="EPBYMINW4455" name="Default test" tests="12" failures="0" timestamp="25 Feb 2015 11:12:08 GMT" time="0.051" errors="0">
  <testcase name="addNoteTest" time="0.01" classname="com.epam.dao.test.NotebookMemoryImplTest"/>
  <testcase name="addNoteWithEMailTest" time="0.0" classname="com.epam.dao.test.NotebookMemoryImplTest"/>
  <testcase name="addNoteWithSignatureTest" time="0.0" classname="com.epam.dao.test.NotebookMemoryImplTest"/>
  <testcase name="changeNoteTest" time="0.0" classname="com.epam.dao.test.NotebookMemoryImplTest"/>
  <testcase name="cloneNoteTest" time="0.01" classname="com.epam.dao.test.NotebookMemoryImplTest"/>
  <testcase name="deleteAllNotesTest" time="0.0" classname="com.epam.dao.test.NotebookMemoryImplTest"/>
  <testcase name="deleteNoteTest" time="0.001" classname="com.epam.dao.test.NotebookMemoryImplTest"/>
  <testcase name="findNoteByDateTest" time="0.0" classname="com.epam.dao.test.NotebookMemoryImplTest"/>
  <testcase name="findNoteByEMailTest" time="0.0" classname="com.epam.dao.test.NotebookMemoryImplTest"/>
  <testcase name="findNoteByIndexTest" time="0.0" classname="com.epam.dao.test.NotebookMemoryImplTest"/>
  <testcase name="findNoteBySignatureTest" time="0.0" classname="com.epam.dao.test.NotebookMemoryImplTest"/>
  <testcase name="findNoteByTitleTest" time="0.0" classname="com.epam.dao.test.NotebookMemoryImplTest"/>
</testsuite> <!-- Default test -->
