<?xml version="1.0" encoding="UTF-8"?>
<testng-results skipped="0" failed="0" total="5" passed="5">
  <reporter-output>
  </reporter-output>
  <suite name="Default suite" duration-ms="32" started-at="2015-02-23T13:02:51Z" finished-at="2015-02-23T13:02:52Z">
    <groups>
    </groups>
    <test name="Default test" duration-ms="32" started-at="2015-02-23T13:02:51Z" finished-at="2015-02-23T13:02:52Z">
      <class name="com.epam.dao.test.NotebookMemoryImplTest">
        <test-method status="PASS" signature="addNoteTest()[pri:0, instance:com.epam.dao.test.NotebookMemoryImplTest@7bfcd12c]" name="addNoteTest" duration-ms="11" started-at="2015-02-23T10:02:51Z" finished-at="2015-02-23T10:02:52Z">
          <reporter-output>
          </reporter-output>
        </test-method> <!-- addNoteTest -->
        <test-method status="PASS" signature="addNoteWithEMailTest()[pri:0, instance:com.epam.dao.test.NotebookMemoryImplTest@7bfcd12c]" name="addNoteWithEMailTest" duration-ms="0" started-at="2015-02-23T10:02:52Z" finished-at="2015-02-23T10:02:52Z">
          <reporter-output>
          </reporter-output>
        </test-method> <!-- addNoteWithEMailTest -->
        <test-method status="PASS" signature="addNoteWithSignatureTest()[pri:0, instance:com.epam.dao.test.NotebookMemoryImplTest@7bfcd12c]" name="addNoteWithSignatureTest" duration-ms="1" started-at="2015-02-23T10:02:52Z" finished-at="2015-02-23T10:02:52Z">
          <reporter-output>
          </reporter-output>
        </test-method> <!-- addNoteWithSignatureTest -->
        <test-method status="PASS" signature="changeNoteTest()[pri:0, instance:com.epam.dao.test.NotebookMemoryImplTest@7bfcd12c]" name="changeNoteTest" duration-ms="1" started-at="2015-02-23T10:02:52Z" finished-at="2015-02-23T10:02:52Z">
          <reporter-output>
          </reporter-output>
        </test-method> <!-- changeNoteTest -->
        <test-method status="PASS" signature="findNoteByTitleTest()[pri:0, instance:com.epam.dao.test.NotebookMemoryImplTest@7bfcd12c]" name="findNoteByTitleTest" duration-ms="2" started-at="2015-02-23T10:02:52Z" finished-at="2015-02-23T10:02:52Z">
          <reporter-output>
          </reporter-output>
        </test-method> <!-- findNoteByTitleTest -->
      </class> <!-- com.epam.dao.test.NotebookMemoryImplTest -->
    </test> <!-- Default test -->
  </suite> <!-- Default suite -->
</testng-results>
