<?xml version="1.0" encoding="UTF-8"?>
<testng-results skipped="0" failed="0" total="12" passed="12">
  <reporter-output>
  </reporter-output>
  <suite name="Default suite" duration-ms="51" started-at="2015-02-25T11:12:08Z" finished-at="2015-02-25T11:12:08Z">
    <groups>
    </groups>
    <test name="Default test" duration-ms="51" started-at="2015-02-25T11:12:08Z" finished-at="2015-02-25T11:12:08Z">
      <class name="com.epam.dao.test.NotebookMemoryImplTest">
        <test-method status="PASS" signature="beforeTest()[pri:0, instance:com.epam.dao.test.NotebookMemoryImplTest@4f4a7090]" name="beforeTest" is-config="true" duration-ms="10" started-at="2015-02-25T08:12:08Z" finished-at="2015-02-25T08:12:08Z">
          <reporter-output>
          </reporter-output>
        </test-method> <!-- beforeTest -->
        <test-method status="PASS" signature="addNoteTest()[pri:0, instance:com.epam.dao.test.NotebookMemoryImplTest@4f4a7090]" name="addNoteTest" duration-ms="10" started-at="2015-02-25T08:12:08Z" finished-at="2015-02-25T08:12:08Z">
          <reporter-output>
          </reporter-output>
        </test-method> <!-- addNoteTest -->
        <test-method status="PASS" signature="beforeTest()[pri:0, instance:com.epam.dao.test.NotebookMemoryImplTest@4f4a7090]" name="beforeTest" is-config="true" duration-ms="0" started-at="2015-02-25T08:12:08Z" finished-at="2015-02-25T08:12:08Z">
          <reporter-output>
          </reporter-output>
        </test-method> <!-- beforeTest -->
        <test-method status="PASS" signature="cloneNoteTest()[pri:0, instance:com.epam.dao.test.NotebookMemoryImplTest@4f4a7090]" name="cloneNoteTest" duration-ms="10" started-at="2015-02-25T08:12:08Z" finished-at="2015-02-25T08:12:08Z">
          <reporter-output>
          </reporter-output>
        </test-method> <!-- cloneNoteTest -->
        <test-method status="PASS" signature="beforeTest()[pri:0, instance:com.epam.dao.test.NotebookMemoryImplTest@4f4a7090]" name="beforeTest" is-config="true" duration-ms="0" started-at="2015-02-25T08:12:08Z" finished-at="2015-02-25T08:12:08Z">
          <reporter-output>
          </reporter-output>
        </test-method> <!-- beforeTest -->
        <test-method status="PASS" signature="beforeTest()[pri:0, instance:com.epam.dao.test.NotebookMemoryImplTest@4f4a7090]" name="beforeTest" is-config="true" duration-ms="0" started-at="2015-02-25T08:12:08Z" finished-at="2015-02-25T08:12:08Z">
          <reporter-output>
          </reporter-output>
        </test-method> <!-- beforeTest -->
        <test-method status="PASS" signature="changeNoteTest()[pri:0, instance:com.epam.dao.test.NotebookMemoryImplTest@4f4a7090]" name="changeNoteTest" duration-ms="0" started-at="2015-02-25T08:12:08Z" finished-at="2015-02-25T08:12:08Z">
          <reporter-output>
          </reporter-output>
        </test-method> <!-- changeNoteTest -->
        <test-method status="PASS" signature="addNoteWithSignatureTest()[pri:0, instance:com.epam.dao.test.NotebookMemoryImplTest@4f4a7090]" name="addNoteWithSignatureTest" duration-ms="0" started-at="2015-02-25T08:12:08Z" finished-at="2015-02-25T08:12:08Z">
          <reporter-output>
          </reporter-output>
        </test-method> <!-- addNoteWithSignatureTest -->
        <test-method status="PASS" signature="addNoteWithEMailTest()[pri:0, instance:com.epam.dao.test.NotebookMemoryImplTest@4f4a7090]" name="addNoteWithEMailTest" duration-ms="0" started-at="2015-02-25T08:12:08Z" finished-at="2015-02-25T08:12:08Z">
          <reporter-output>
          </reporter-output>
        </test-method> <!-- addNoteWithEMailTest -->
        <test-method status="PASS" signature="beforeTest()[pri:0, instance:com.epam.dao.test.NotebookMemoryImplTest@4f4a7090]" name="beforeTest" is-config="true" duration-ms="0" started-at="2015-02-25T08:12:08Z" finished-at="2015-02-25T08:12:08Z">
          <reporter-output>
          </reporter-output>
        </test-method> <!-- beforeTest -->
        <test-method status="PASS" signature="beforeTest()[pri:0, instance:com.epam.dao.test.NotebookMemoryImplTest@4f4a7090]" name="beforeTest" is-config="true" duration-ms="0" started-at="2015-02-25T08:12:08Z" finished-at="2015-02-25T08:12:08Z">
          <reporter-output>
          </reporter-output>
        </test-method> <!-- beforeTest -->
        <test-method status="PASS" signature="deleteAllNotesTest()[pri:0, instance:com.epam.dao.test.NotebookMemoryImplTest@4f4a7090]" name="deleteAllNotesTest" duration-ms="0" started-at="2015-02-25T08:12:08Z" finished-at="2015-02-25T08:12:08Z">
          <exception class="java.lang.IndexOutOfBoundsException">
            <message>
              <![CDATA[Index: 0, Size: 0]]>
            </message>
            <full-stacktrace>
              <![CDATA[java.lang.IndexOutOfBoundsException: Index: 0, Size: 0
	at java.util.ArrayList.rangeCheck(Unknown Source)
	at java.util.ArrayList.get(Unknown Source)
	at com.epam.notebook.Notebook.getNote(Notebook.java:16)
	at com.epam.dao.test.NotebookMemoryImplTest.deleteAllNotesTest(NotebookMemoryImplTest.java:87)
	at sun.reflect.NativeMethodAccessorImpl.invoke0(Native Method)
	at sun.reflect.NativeMethodAccessorImpl.invoke(Unknown Source)
	at sun.reflect.DelegatingMethodAccessorImpl.invoke(Unknown Source)
	at java.lang.reflect.Method.invoke(Unknown Source)
	at org.testng.internal.MethodInvocationHelper.invokeMethod(MethodInvocationHelper.java:84)
	at org.testng.internal.Invoker.invokeMethod(Invoker.java:714)
	at org.testng.internal.Invoker.invokeTestMethod(Invoker.java:901)
	at org.testng.internal.Invoker.invokeTestMethods(Invoker.java:1231)
	at org.testng.internal.TestMethodWorker.invokeTestMethods(TestMethodWorker.java:127)
	at org.testng.internal.TestMethodWorker.run(TestMethodWorker.java:111)
	at org.testng.TestRunner.privateRun(TestRunner.java:767)
	at org.testng.TestRunner.run(TestRunner.java:617)
	at org.testng.SuiteRunner.runTest(SuiteRunner.java:334)
	at org.testng.SuiteRunner.runSequentially(SuiteRunner.java:329)
	at org.testng.SuiteRunner.privateRun(SuiteRunner.java:291)
	at org.testng.SuiteRunner.run(SuiteRunner.java:240)
	at org.testng.SuiteRunnerWorker.runSuite(SuiteRunnerWorker.java:52)
	at org.testng.SuiteRunnerWorker.run(SuiteRunnerWorker.java:86)
	at org.testng.TestNG.runSuitesSequentially(TestNG.java:1224)
	at org.testng.TestNG.runSuitesLocally(TestNG.java:1149)
	at org.testng.TestNG.run(TestNG.java:1057)
	at org.testng.remote.RemoteTestNG.run(RemoteTestNG.java:111)
	at org.testng.remote.RemoteTestNG.initAndRun(RemoteTestNG.java:204)
	at org.testng.remote.RemoteTestNG.main(RemoteTestNG.java:175)
]]>
            </full-stacktrace>
          </exception> <!-- java.lang.IndexOutOfBoundsException -->
          <reporter-output>
          </reporter-output>
        </test-method> <!-- deleteAllNotesTest -->
        <test-method status="PASS" signature="beforeTest()[pri:0, instance:com.epam.dao.test.NotebookMemoryImplTest@4f4a7090]" name="beforeTest" is-config="true" duration-ms="0" started-at="2015-02-25T08:12:08Z" finished-at="2015-02-25T08:12:08Z">
          <reporter-output>
          </reporter-output>
        </test-method> <!-- beforeTest -->
        <test-method status="PASS" signature="deleteNoteTest()[pri:0, instance:com.epam.dao.test.NotebookMemoryImplTest@4f4a7090]" name="deleteNoteTest" duration-ms="1" started-at="2015-02-25T08:12:08Z" finished-at="2015-02-25T08:12:08Z">
          <reporter-output>
          </reporter-output>
        </test-method> <!-- deleteNoteTest -->
        <test-method status="PASS" signature="findNoteBySignatureTest()[pri:0, instance:com.epam.dao.test.NotebookMemoryImplTest@4f4a7090]" name="findNoteBySignatureTest" duration-ms="0" started-at="2015-02-25T08:12:08Z" finished-at="2015-02-25T08:12:08Z">
          <reporter-output>
          </reporter-output>
        </test-method> <!-- findNoteBySignatureTest -->
        <test-method status="PASS" signature="findNoteByIndexTest()[pri:0, instance:com.epam.dao.test.NotebookMemoryImplTest@4f4a7090]" name="findNoteByIndexTest" duration-ms="0" started-at="2015-02-25T08:12:08Z" finished-at="2015-02-25T08:12:08Z">
          <reporter-output>
          </reporter-output>
        </test-method> <!-- findNoteByIndexTest -->
        <test-method status="PASS" signature="findNoteByTitleTest()[pri:0, instance:com.epam.dao.test.NotebookMemoryImplTest@4f4a7090]" name="findNoteByTitleTest" duration-ms="0" started-at="2015-02-25T08:12:08Z" finished-at="2015-02-25T08:12:08Z">
          <reporter-output>
          </reporter-output>
        </test-method> <!-- findNoteByTitleTest -->
        <test-method status="PASS" signature="beforeTest()[pri:0, instance:com.epam.dao.test.NotebookMemoryImplTest@4f4a7090]" name="beforeTest" is-config="true" duration-ms="0" started-at="2015-02-25T08:12:08Z" finished-at="2015-02-25T08:12:08Z">
          <reporter-output>
          </reporter-output>
        </test-method> <!-- beforeTest -->
        <test-method status="PASS" signature="beforeTest()[pri:0, instance:com.epam.dao.test.NotebookMemoryImplTest@4f4a7090]" name="beforeTest" is-config="true" duration-ms="0" started-at="2015-02-25T08:12:08Z" finished-at="2015-02-25T08:12:08Z">
          <reporter-output>
          </reporter-output>
        </test-method> <!-- beforeTest -->
        <test-method status="PASS" signature="beforeTest()[pri:0, instance:com.epam.dao.test.NotebookMemoryImplTest@4f4a7090]" name="beforeTest" is-config="true" duration-ms="0" started-at="2015-02-25T08:12:08Z" finished-at="2015-02-25T08:12:08Z">
          <reporter-output>
          </reporter-output>
        </test-method> <!-- beforeTest -->
        <test-method status="PASS" signature="findNoteByEMailTest()[pri:0, instance:com.epam.dao.test.NotebookMemoryImplTest@4f4a7090]" name="findNoteByEMailTest" duration-ms="0" started-at="2015-02-25T08:12:08Z" finished-at="2015-02-25T08:12:08Z">
          <reporter-output>
          </reporter-output>
        </test-method> <!-- findNoteByEMailTest -->
        <test-method status="PASS" signature="beforeTest()[pri:0, instance:com.epam.dao.test.NotebookMemoryImplTest@4f4a7090]" name="beforeTest" is-config="true" duration-ms="0" started-at="2015-02-25T08:12:08Z" finished-at="2015-02-25T08:12:08Z">
          <reporter-output>
          </reporter-output>
        </test-method> <!-- beforeTest -->
        <test-method status="PASS" signature="findNoteByDateTest()[pri:0, instance:com.epam.dao.test.NotebookMemoryImplTest@4f4a7090]" name="findNoteByDateTest" duration-ms="0" started-at="2015-02-25T08:12:08Z" finished-at="2015-02-25T08:12:08Z">
          <reporter-output>
          </reporter-output>
        </test-method> <!-- findNoteByDateTest -->
        <test-method status="PASS" signature="beforeTest()[pri:0, instance:com.epam.dao.test.NotebookMemoryImplTest@4f4a7090]" name="beforeTest" is-config="true" duration-ms="0" started-at="2015-02-25T08:12:08Z" finished-at="2015-02-25T08:12:08Z">
          <reporter-output>
          </reporter-output>
        </test-method> <!-- beforeTest -->
      </class> <!-- com.epam.dao.test.NotebookMemoryImplTest -->
    </test> <!-- Default test -->
  </suite> <!-- Default suite -->
</testng-results>
