<?xml version="1.0" encoding="UTF-8"?>
<!-- Generated by org.testng.reporters.JUnitReportReporter -->
<testsuite hostname="EPBYMINW4455" name="com.epam.notebook.test.NoteTest" tests="4" failures="0" timestamp="19 Feb 2015 11:20:52 GMT" time="0.040" errors="0">
  <testcase name="setNoteTest" time="0.020" classname="com.epam.notebook.test.NoteTest"/>
  <testcase name="getDateTest" time="0.020" classname="com.epam.notebook.test.NoteTest"/>
  <testcase name="getNoteTest" time="0.000" classname="com.epam.notebook.test.NoteTest"/>
  <testcase name="setDateTest" time="0.000" classname="com.epam.notebook.test.NoteTest"/>
</testsuite> <!-- com.epam.notebook.test.NoteTest -->
