<?xml version="1.0" encoding="UTF-8"?>
<!-- Generated by org.testng.reporters.JUnitReportReporter -->
<testsuite hostname="EPBYMINW4455" name="com.epam.notebook.test.NotebookTest" tests="6" failures="0" timestamp="23 Feb 2015 09:53:51 GMT" time="0.050" errors="0">
  <testcase name="getNotebookTest" time="0.020" classname="com.epam.notebook.test.NotebookTest"/>
  <testcase name="deleteNoteTest" time="0.020" classname="com.epam.notebook.test.NotebookTest"/>
  <testcase name="deleteNotebookTest" time="0.000" classname="com.epam.notebook.test.NotebookTest"/>
  <testcase name="getNoteTest" time="0.010" classname="com.epam.notebook.test.NotebookTest"/>
  <testcase name="setNotebookTest" time="0.000" classname="com.epam.notebook.test.NotebookTest"/>
  <testcase name="setNoteTest" time="0.000" classname="com.epam.notebook.test.NotebookTest"/>
</testsuite> <!-- com.epam.notebook.test.NotebookTest -->
