<?xml version="1.0" encoding="UTF-8"?>
<!-- Generated by org.testng.reporters.JUnitReportReporter -->
<testsuite hostname="EPBYMINW4455" name="com.epam.dao.test.NotebookMemoryImplTest" tests="5" failures="0" timestamp="23 Feb 2015 13:02:52 GMT" time="0.015" errors="0">
  <testcase name="addNoteTest" time="0.011" classname="com.epam.dao.test.NotebookMemoryImplTest"/>
  <testcase name="findNoteByTitleTest" time="0.002" classname="com.epam.dao.test.NotebookMemoryImplTest"/>
  <testcase name="addNoteWithSignatureTest" time="0.001" classname="com.epam.dao.test.NotebookMemoryImplTest"/>
  <testcase name="changeNoteTest" time="0.001" classname="com.epam.dao.test.NotebookMemoryImplTest"/>
  <testcase name="addNoteWithEMailTest" time="0.000" classname="com.epam.dao.test.NotebookMemoryImplTest"/>
</testsuite> <!-- com.epam.dao.test.NotebookMemoryImplTest -->
